[debug] [2025-08-16T16:40:12.668Z] ----------------------------------------------------------------------
[debug] [2025-08-16T16:40:12.671Z] Command:       /nix/store/ixbb20farqh1f4fqbmsn6b1ixn8mc8ij-nodejs-20.18.1/bin/node /nix/store/861z9924lx0974sd2ka1zh20lvw8bsdk-firebase-tools-13.10.0/lib/node_modules/firebase-tools/lib/bin/firebase.js init hosting
[debug] [2025-08-16T16:40:12.671Z] CLI Version:   13.10.0
[debug] [2025-08-16T16:40:12.671Z] Platform:      linux
[debug] [2025-08-16T16:40:12.672Z] Node Version:  v20.18.1
[debug] [2025-08-16T16:40:12.672Z] Time:          Sat Aug 16 2025 16:40:12 GMT+0000 (Coordinated Universal Time)
[debug] [2025-08-16T16:40:12.672Z] ----------------------------------------------------------------------
[debug] 
[debug] [2025-08-16T16:40:12.782Z] > command requires scopes: ["email","openid","https://www.googleapis.com/auth/cloudplatformprojects.readonly","https://www.googleapis.com/auth/firebase","https://www.googleapis.com/auth/cloud-platform"]
[debug] [2025-08-16T16:40:12.783Z] > authorizing via signed-in user (ryanhallford.br@gmail.com)
[info] 
     ######## #### ########  ######## ########     ###     ######  ########
     ##        ##  ##     ## ##       ##     ##  ##   ##  ##       ##
     ######    ##  ########  ######   ########  #########  ######  ######
     ##        ##  ##    ##  ##       ##     ## ##     ##       ## ##
     ##       #### ##     ## ######## ########  ##     ##  ######  ########

You're about to initialize a Firebase project in this directory:

  /home/user/kateri

Before we get started, keep in mind:

  * You are initializing within an existing Firebase project directory

[info] 
=== Project Setup
[info] 
[info] First, let's associate this project directory with a Firebase project.
[info] You can create multiple project aliases by running firebase use --add, 
[info] but for now we'll just set up a default project.
[info] 
[debug] [2025-08-16T16:40:12.788Z] Using project from CLI flag: kateri-fbc
[debug] [2025-08-16T16:40:12.791Z] >>> [apiv2][query] GET https://firebase.googleapis.com/v1beta1/projects/kateri-fbc [none]
[debug] [2025-08-16T16:40:13.230Z] <<< [apiv2][status] GET https://firebase.googleapis.com/v1beta1/projects/kateri-fbc 200
[debug] [2025-08-16T16:40:13.231Z] <<< [apiv2][body] GET https://firebase.googleapis.com/v1beta1/projects/kateri-fbc {"projectId":"kateri-fbc","projectNumber":"735578066617","displayName":"Kateri-fbc","name":"projects/kateri-fbc","resources":{"hostingSite":"kateri-fbc","realtimeDatabaseInstance":"kateri-fbc-default-rtdb"},"state":"ACTIVE","etag":"1_1388ff2e-6b02-4795-9615-f0acc4ce26fd"}
[info] i  Using project kateri-fbc (Kateri-fbc) 
[info] 
=== Hosting Setup
[debug] [2025-08-16T16:40:13.241Z] >>> [apiv2][query] GET https://firebase.googleapis.com/v1beta1/projects/kateri-fbc [none]
[debug] [2025-08-16T16:40:13.342Z] <<< [apiv2][status] GET https://firebase.googleapis.com/v1beta1/projects/kateri-fbc 200
[debug] [2025-08-16T16:40:13.342Z] <<< [apiv2][body] GET https://firebase.googleapis.com/v1beta1/projects/kateri-fbc {"projectId":"kateri-fbc","projectNumber":"735578066617","displayName":"Kateri-fbc","name":"projects/kateri-fbc","resources":{"hostingSite":"kateri-fbc","realtimeDatabaseInstance":"kateri-fbc-default-rtdb"},"state":"ACTIVE","etag":"1_1388ff2e-6b02-4795-9615-f0acc4ce26fd"}
[info] 
[info] Your public directory is the folder (relative to your project directory) that
[info] will contain Hosting assets to be uploaded with firebase deploy. If you
[info] have a build process for your assets, use your build's output directory.
[info] 
